<?xml version="1.0" encoding="UTF-8"?>
<!-- Generated by org.testng.reporters.JUnitReportReporter -->
<testsuite skipped="0" hostname="nitin-qa" name="com.alfa.testcases.LoginPageTest" tests="1" failures="0" timestamp="06 Aug 2019 07:23:14 GMT" time="7.799" errors="0">
  <testcase name="loginTest" time="7.799" classname="com.alfa.testcases.LoginPageTest"/>
</testsuite> <!-- com.alfa.testcases.LoginPageTest -->
